2023-01-13 12:03:14,010 - root - INFO - Epoch 0; loss: 209.74949645996094; CER: 1.1886749267578125; WER: 1.2505459785461426; val_loss: 118.23971557617188; val_CER: 1.0; val_WER: 1.0
2023-01-13 12:03:39,325 - root - INFO - Epoch 1; loss: 119.17643737792969; CER: 1.0; WER: 1.0; val_loss: 115.53962707519531; val_CER: 1.0; val_WER: 1.0
2023-01-13 12:04:04,447 - root - INFO - Epoch 2; loss: 117.00320434570312; CER: 1.0; WER: 1.0; val_loss: 113.92987823486328; val_CER: 1.0; val_WER: 1.0
2023-01-13 12:04:29,581 - root - INFO - Epoch 3; loss: 116.3078384399414; CER: 1.0; WER: 1.0; val_loss: 114.47799682617188; val_CER: 1.0; val_WER: 1.0
2023-01-13 12:04:54,654 - root - INFO - Epoch 4; loss: 115.88233947753906; CER: 1.0; WER: 1.0; val_loss: 114.19979858398438; val_CER: 1.0; val_WER: 1.0
2023-01-13 12:05:19,799 - root - INFO - Epoch 5; loss: 115.42594146728516; CER: 1.0; WER: 1.0; val_loss: 115.93545532226562; val_CER: 1.0; val_WER: 1.0
2023-01-13 12:05:45,327 - root - INFO - Epoch 6; loss: 114.97637176513672; CER: 1.0; WER: 1.0; val_loss: 115.4181137084961; val_CER: 1.0; val_WER: 1.0
2023-01-13 12:06:11,143 - root - INFO - Epoch 7; loss: 114.4954605102539; CER: 1.0; WER: 1.0; val_loss: 112.31539916992188; val_CER: 1.0; val_WER: 1.0
2023-01-13 12:06:37,249 - root - INFO - Epoch 8; loss: 114.06278991699219; CER: 1.0; WER: 1.0; val_loss: 117.90206146240234; val_CER: 1.0; val_WER: 1.0
2023-01-13 12:07:03,500 - root - INFO - Epoch 9; loss: 113.82955932617188; CER: 1.0; WER: 1.0; val_loss: 114.11637878417969; val_CER: 1.0; val_WER: 1.0
2023-01-13 12:07:29,466 - root - INFO - Epoch 10; loss: 113.37996673583984; CER: 1.0; WER: 1.0; val_loss: 111.73272705078125; val_CER: 1.0; val_WER: 1.0
2023-01-13 12:07:55,251 - root - INFO - Epoch 11; loss: 113.12726593017578; CER: 1.0; WER: 1.0; val_loss: 113.2111587524414; val_CER: 1.0; val_WER: 1.0
2023-01-13 12:08:21,262 - root - INFO - Epoch 12; loss: 112.60247039794922; CER: 1.0; WER: 1.0; val_loss: 112.45210266113281; val_CER: 1.0; val_WER: 1.0
2023-01-13 12:08:47,439 - root - INFO - Epoch 13; loss: 112.34256744384766; CER: 0.9999675154685974; WER: 1.0; val_loss: 110.6202621459961; val_CER: 1.0; val_WER: 1.0
2023-01-13 12:09:13,639 - root - INFO - Epoch 14; loss: 112.31097412109375; CER: 0.999944269657135; WER: 1.0; val_loss: 109.9766616821289; val_CER: 1.0; val_WER: 1.0
2023-01-13 12:09:39,983 - root - INFO - Epoch 15; loss: 112.16252899169922; CER: 0.9997563362121582; WER: 0.9998462200164795; val_loss: 110.30419158935547; val_CER: 0.9998893141746521; val_WER: 1.0
2023-01-13 12:10:06,370 - root - INFO - Epoch 16; loss: 111.94351959228516; CER: 0.9995428919792175; WER: 1.0; val_loss: 112.87417602539062; val_CER: 0.9997033476829529; val_WER: 1.0
2023-01-13 12:10:32,557 - root - INFO - Epoch 17; loss: 111.95445251464844; CER: 0.9993911981582642; WER: 0.9994733929634094; val_loss: 170.0384979248047; val_CER: 1.0; val_WER: 1.0
2023-01-13 12:10:58,761 - root - INFO - Epoch 18; loss: 111.65438079833984; CER: 0.9982312321662903; WER: 0.999552309513092; val_loss: 110.54914093017578; val_CER: 0.9997034668922424; val_WER: 1.0
2023-01-13 12:11:25,168 - root - INFO - Epoch 19; loss: 111.53042602539062; CER: 0.9967846274375916; WER: 0.9996416568756104; val_loss: 111.665283203125; val_CER: 0.9996182918548584; val_WER: 1.0
2023-01-13 12:11:51,470 - root - INFO - Epoch 20; loss: 111.23643493652344; CER: 0.9944000840187073; WER: 0.9990246295928955; val_loss: 109.6612548828125; val_CER: 0.9991623163223267; val_WER: 1.0
2023-01-13 12:12:17,628 - root - INFO - Epoch 21; loss: 111.13301849365234; CER: 0.992112934589386; WER: 0.9991395473480225; val_loss: 108.91828918457031; val_CER: 0.9953912496566772; val_WER: 1.0
2023-01-13 12:12:43,747 - root - INFO - Epoch 22; loss: 110.8146743774414; CER: 0.9886780381202698; WER: 0.9991030693054199; val_loss: 111.18438720703125; val_CER: 0.9972652792930603; val_WER: 1.0
2023-01-13 12:13:09,973 - root - INFO - Epoch 23; loss: 110.2206802368164; CER: 0.9767642617225647; WER: 0.9989089369773865; val_loss: 112.6738510131836; val_CER: 0.9886617660522461; val_WER: 1.0
2023-01-13 12:13:36,044 - root - INFO - Epoch 24; loss: 103.80877685546875; CER: 0.8730263113975525; WER: 1.0206483602523804; val_loss: 189.79701232910156; val_CER: 0.9901943206787109; val_WER: 1.0
2023-01-13 12:14:02,335 - root - INFO - Epoch 25; loss: 92.62483215332031; CER: 0.7971437573432922; WER: 1.022900938987732; val_loss: 101.8609848022461; val_CER: 0.8278566598892212; val_WER: 1.1249834299087524
2023-01-13 12:14:28,542 - root - INFO - Epoch 26; loss: 85.06536102294922; CER: 0.7334807515144348; WER: 1.003678798675537; val_loss: 80.13978576660156; val_CER: 0.7272638082504272; val_WER: 0.998795747756958
2023-01-13 12:14:54,901 - root - INFO - Epoch 27; loss: 77.78263854980469; CER: 0.6529331207275391; WER: 0.9763914942741394; val_loss: 74.8702621459961; val_CER: 0.6806719303131104; val_WER: 0.9701668620109558
2023-01-13 12:15:21,378 - root - INFO - Epoch 28; loss: 69.87149047851562; CER: 0.5801947116851807; WER: 0.9299145936965942; val_loss: 73.50945281982422; val_CER: 0.6495535373687744; val_WER: 0.9372194409370422
2023-01-13 12:15:47,633 - root - INFO - Epoch 29; loss: 62.901100158691406; CER: 0.5070483684539795; WER: 0.8860911726951599; val_loss: 59.83915328979492; val_CER: 0.5152373313903809; val_WER: 0.856756865978241
2023-01-13 12:16:14,024 - root - INFO - Epoch 30; loss: 56.120723724365234; CER: 0.4482271373271942; WER: 0.845257043838501; val_loss: 50.00773620605469; val_CER: 0.422347754240036; val_WER: 0.7992730736732483
2023-01-13 12:16:40,182 - root - INFO - Epoch 31; loss: 50.1923713684082; CER: 0.4019642472267151; WER: 0.8023321628570557; val_loss: 62.19862747192383; val_CER: 0.552100419998169; val_WER: 0.9630835652351379
2023-01-13 12:17:06,591 - root - INFO - Epoch 32; loss: 44.03432846069336; CER: 0.35105395317077637; WER: 0.7583976984024048; val_loss: 37.06952667236328; val_CER: 0.30080780386924744; val_WER: 0.6906368732452393
2023-01-13 12:17:32,545 - root - INFO - Epoch 33; loss: 39.18941116333008; CER: 0.3119739294052124; WER: 0.7033631205558777; val_loss: 33.391204833984375; val_CER: 0.2746177017688751; val_WER: 0.6491739749908447
2023-01-13 12:17:58,396 - root - INFO - Epoch 34; loss: 35.60365676879883; CER: 0.27890974283218384; WER: 0.6602481603622437; val_loss: 29.736713409423828; val_CER: 0.2400045245885849; val_WER: 0.5975210666656494
2023-01-13 12:18:24,343 - root - INFO - Epoch 35; loss: 32.613739013671875; CER: 0.2607365548610687; WER: 0.631325900554657; val_loss: 29.005781173706055; val_CER: 0.23505333065986633; val_WER: 0.6041572093963623
2023-01-13 12:18:50,750 - root - INFO - Epoch 36; loss: 29.882131576538086; CER: 0.23803047835826874; WER: 0.5942341685295105; val_loss: 25.52854347229004; val_CER: 0.20259708166122437; val_WER: 0.5487104654312134
2023-01-13 12:19:17,085 - root - INFO - Epoch 37; loss: 27.571693420410156; CER: 0.2178986668586731; WER: 0.5701601505279541; val_loss: 23.618057250976562; val_CER: 0.1892009973526001; val_WER: 0.5192875862121582
2023-01-13 12:19:43,353 - root - INFO - Epoch 38; loss: 25.547607421875; CER: 0.20390768349170685; WER: 0.5432068705558777; val_loss: 22.227558135986328; val_CER: 0.17718976736068726; val_WER: 0.506232738494873
2023-01-13 12:20:09,622 - root - INFO - Epoch 39; loss: 24.06118392944336; CER: 0.1922370344400406; WER: 0.5191711187362671; val_loss: 20.856584548950195; val_CER: 0.16104350984096527; val_WER: 0.47368574142456055
2023-01-13 12:20:35,956 - root - INFO - Epoch 40; loss: 22.379751205444336; CER: 0.18039514124393463; WER: 0.4981328845024109; val_loss: 19.75442123413086; val_CER: 0.15446707606315613; val_WER: 0.45938485860824585
2023-01-13 12:21:02,330 - root - INFO - Epoch 41; loss: 21.436283111572266; CER: 0.17205892503261566; WER: 0.4798426330089569; val_loss: 18.33610725402832; val_CER: 0.14100097119808197; val_WER: 0.4386891722679138
2023-01-13 12:21:28,453 - root - INFO - Epoch 42; loss: 19.963289260864258; CER: 0.16116413474082947; WER: 0.46238622069358826; val_loss: 18.344980239868164; val_CER: 0.1448565125465393; val_WER: 0.43829506635665894
2023-01-13 12:21:54,798 - root - INFO - Epoch 43; loss: 18.893056869506836; CER: 0.15324118733406067; WER: 0.44613322615623474; val_loss: 17.233219146728516; val_CER: 0.13424068689346313; val_WER: 0.41415706276893616
2023-01-13 12:22:20,873 - root - INFO - Epoch 44; loss: 17.94301986694336; CER: 0.14620471000671387; WER: 0.42510896921157837; val_loss: 17.76762580871582; val_CER: 0.1360025256872177; val_WER: 0.4139680862426758
2023-01-13 12:22:47,135 - root - INFO - Epoch 45; loss: 16.843900680541992; CER: 0.13783259689807892; WER: 0.41246017813682556; val_loss: 16.080726623535156; val_CER: 0.12817637622356415; val_WER: 0.39720216393470764
2023-01-13 12:23:13,506 - root - INFO - Epoch 46; loss: 16.01906967163086; CER: 0.1307992935180664; WER: 0.39626529812812805; val_loss: 15.467555046081543; val_CER: 0.12162789702415466; val_WER: 0.3827344477176666
2023-01-13 12:23:39,718 - root - INFO - Epoch 47; loss: 15.52884292602539; CER: 0.12624703347682953; WER: 0.38663798570632935; val_loss: 16.25870704650879; val_CER: 0.12580201029777527; val_WER: 0.39354613423347473
2023-01-13 12:24:05,826 - root - INFO - Epoch 48; loss: 14.642401695251465; CER: 0.1178518682718277; WER: 0.3677612841129303; val_loss: 22.200260162353516; val_CER: 0.19200068712234497; val_WER: 0.5442800521850586
2023-01-13 12:24:32,113 - root - INFO - Epoch 49; loss: 13.960875511169434; CER: 0.11386500298976898; WER: 0.35562536120414734; val_loss: 14.63352108001709; val_CER: 0.10694985091686249; val_WER: 0.35390231013298035
2023-01-13 12:24:58,519 - root - INFO - Epoch 50; loss: 13.397981643676758; CER: 0.10832285135984421; WER: 0.3450615704059601; val_loss: 13.694587707519531; val_CER: 0.10400262475013733; val_WER: 0.33452433347702026
2023-01-13 12:25:25,037 - root - INFO - Epoch 51; loss: 12.717118263244629; CER: 0.10348273813724518; WER: 0.33314943313598633; val_loss: 13.331958770751953; val_CER: 0.10309656709432602; val_WER: 0.32785728573799133
2023-01-13 12:25:51,234 - root - INFO - Epoch 52; loss: 12.228302955627441; CER: 0.09585254639387131; WER: 0.3212360739707947; val_loss: 13.657543182373047; val_CER: 0.105376236140728; val_WER: 0.3609921336174011
2023-01-13 12:26:17,247 - root - INFO - Epoch 53; loss: 11.544583320617676; CER: 0.09310150891542435; WER: 0.31254997849464417; val_loss: 14.484614372253418; val_CER: 0.1086631566286087; val_WER: 0.348659873008728
2023-01-13 12:26:43,622 - root - INFO - Epoch 54; loss: 10.99797534942627; CER: 0.08643998205661774; WER: 0.2937365770339966; val_loss: 12.534514427185059; val_CER: 0.09873508661985397; val_WER: 0.33035480976104736
2023-01-13 12:27:09,808 - root - INFO - Epoch 55; loss: 10.487147331237793; CER: 0.08210078626871109; WER: 0.28804853558540344; val_loss: 12.519989967346191; val_CER: 0.09906858205795288; val_WER: 0.3180415630340576
2023-01-13 12:27:36,201 - root - INFO - Epoch 56; loss: 10.054636001586914; CER: 0.07821943610906601; WER: 0.2782096564769745; val_loss: 12.361058235168457; val_CER: 0.09371504187583923; val_WER: 0.3243585228919983
2023-01-13 12:28:02,662 - root - INFO - Epoch 57; loss: 9.570981979370117; CER: 0.07641053199768066; WER: 0.27004000544548035; val_loss: 12.817974090576172; val_CER: 0.09520819038152695; val_WER: 0.3034173846244812
2023-01-13 12:28:28,868 - root - INFO - Epoch 58; loss: 9.218618392944336; CER: 0.07457724958658218; WER: 0.2605370283126831; val_loss: 12.699873924255371; val_CER: 0.09522444754838943; val_WER: 0.3144261837005615
2023-01-13 12:28:55,445 - root - INFO - Epoch 59; loss: 9.078580856323242; CER: 0.0726989135146141; WER: 0.2562214732170105; val_loss: 10.944777488708496; val_CER: 0.08431467413902283; val_WER: 0.2862183749675751
2023-01-13 12:29:21,817 - root - INFO - Epoch 60; loss: 8.700492858886719; CER: 0.06905670464038849; WER: 0.25363102555274963; val_loss: 11.283090591430664; val_CER: 0.08484147489070892; val_WER: 0.29299983382225037
2023-01-13 12:29:47,954 - root - INFO - Epoch 61; loss: 8.228062629699707; CER: 0.06567186117172241; WER: 0.23816266655921936; val_loss: 11.264237403869629; val_CER: 0.08541621267795563; val_WER: 0.28886309266090393
2023-01-13 12:37:12,742 - root - INFO - Epoch 62; loss: 8.037429809570312; CER: 0.0641859769821167; WER: 0.23634478449821472; val_loss: 11.567291259765625; val_CER: 0.08548036962747574; val_WER: 0.294890433549881
2023-01-13 12:37:38,120 - root - INFO - Epoch 63; loss: 7.963029861450195; CER: 0.06564030051231384; WER: 0.2318439781665802; val_loss: 10.767814636230469; val_CER: 0.07458815723657608; val_WER: 0.26915496587753296
2023-01-13 12:38:03,246 - root - INFO - Epoch 64; loss: 7.395829677581787; CER: 0.05817225202918053; WER: 0.2155163586139679; val_loss: 10.432711601257324; val_CER: 0.07785382121801376; val_WER: 0.2800962030887604
2023-01-13 12:38:28,385 - root - INFO - Epoch 65; loss: 6.989861011505127; CER: 0.055339135229587555; WER: 0.2113533467054367; val_loss: 10.829092025756836; val_CER: 0.08102956414222717; val_WER: 0.2751038372516632
2023-01-13 12:38:53,563 - root - INFO - Epoch 66; loss: 6.8823561668396; CER: 0.05514013022184372; WER: 0.20702522993087769; val_loss: 11.46750259399414; val_CER: 0.07930901646614075; val_WER: 0.27136021852493286
2023-01-13 12:39:18,716 - root - INFO - Epoch 67; loss: 6.756229400634766; CER: 0.053148407489061356; WER: 0.2029489427804947; val_loss: 10.793374061584473; val_CER: 0.08105778694152832; val_WER: 0.27504995465278625
2023-01-13 12:39:44,022 - root - INFO - Epoch 68; loss: 6.249788761138916; CER: 0.04913414642214775; WER: 0.19030220806598663; val_loss: 10.37673568725586; val_CER: 0.07340022921562195; val_WER: 0.25714781880378723
2023-01-13 12:40:09,461 - root - INFO - Epoch 69; loss: 6.008161544799805; CER: 0.04739461466670036; WER: 0.18372097611427307; val_loss: 10.49591064453125; val_CER: 0.07279796153306961; val_WER: 0.26497411727905273
2023-01-13 12:40:34,798 - root - INFO - Epoch 70; loss: 5.905162811279297; CER: 0.04690982401371002; WER: 0.1845134049654007; val_loss: 9.92961311340332; val_CER: 0.07262928783893585; val_WER: 0.25201016664505005
2023-01-13 12:41:00,000 - root - INFO - Epoch 71; loss: 5.818991661071777; CER: 0.045525889843702316; WER: 0.1813218593597412; val_loss: 10.499526023864746; val_CER: 0.07719122618436813; val_WER: 0.2637651860713959
2023-01-13 12:41:25,388 - root - INFO - Epoch 72; loss: 5.509371280670166; CER: 0.04489937052130699; WER: 0.17337685823440552; val_loss: 9.627033233642578; val_CER: 0.06828866899013519; val_WER: 0.2447844296693802
2023-01-13 12:41:50,606 - root - INFO - Epoch 73; loss: 5.36444616317749; CER: 0.04256095737218857; WER: 0.16908854246139526; val_loss: 10.045273780822754; val_CER: 0.06849206238985062; val_WER: 0.24184338748455048
2023-01-13 12:42:15,930 - root - INFO - Epoch 74; loss: 5.034485340118408; CER: 0.040516044944524765; WER: 0.1634623259305954; val_loss: 9.75704574584961; val_CER: 0.06855911016464233; val_WER: 0.24584956467151642
2023-01-13 12:42:41,262 - root - INFO - Epoch 75; loss: 4.783961296081543; CER: 0.03804689645767212; WER: 0.15455862879753113; val_loss: 10.006909370422363; val_CER: 0.06919845938682556; val_WER: 0.24294894933700562
2023-01-13 12:43:06,470 - root - INFO - Epoch 76; loss: 4.805852890014648; CER: 0.03780407831072807; WER: 0.15360502898693085; val_loss: 10.530585289001465; val_CER: 0.07272256910800934; val_WER: 0.24755540490150452
2023-01-13 12:43:31,672 - root - INFO - Epoch 77; loss: 4.970215320587158; CER: 0.03923947364091873; WER: 0.1557939350605011; val_loss: 11.312394142150879; val_CER: 0.07341297715902328; val_WER: 0.2568485140800476
2023-01-13 12:43:57,118 - root - INFO - Epoch 78; loss: 4.554006099700928; CER: 0.03643598407506943; WER: 0.14794336259365082; val_loss: 9.998802185058594; val_CER: 0.06783739477396011; val_WER: 0.2339441329240799
2023-01-13 12:44:22,320 - root - INFO - Epoch 79; loss: 4.210293292999268; CER: 0.033768974244594574; WER: 0.1394466757774353; val_loss: 10.473671913146973; val_CER: 0.0695791020989418; val_WER: 0.24666167795658112
2023-01-13 12:44:47,547 - root - INFO - Epoch 80; loss: 3.85837984085083; CER: 0.030608223751187325; WER: 0.1287812888622284; val_loss: 9.715387344360352; val_CER: 0.06924732029438019; val_WER: 0.23948538303375244
2023-01-13 12:45:13,007 - root - INFO - Epoch 81; loss: 3.730898380279541; CER: 0.030472174286842346; WER: 0.12817621231079102; val_loss: 9.492803573608398; val_CER: 0.06479816138744354; val_WER: 0.22594857215881348
2023-01-13 12:45:38,399 - root - INFO - Epoch 82; loss: 3.7810847759246826; CER: 0.03080327995121479; WER: 0.12702271342277527; val_loss: 9.623031616210938; val_CER: 0.06316038966178894; val_WER: 0.21475113928318024
2023-01-13 12:46:03,863 - root - INFO - Epoch 83; loss: 3.6425068378448486; CER: 0.029375407844781876; WER: 0.12187080830335617; val_loss: 10.182524681091309; val_CER: 0.06288336962461472; val_WER: 0.22313053905963898
2023-01-13 12:46:29,049 - root - INFO - Epoch 84; loss: 3.582961082458496; CER: 0.028378715738654137; WER: 0.11976052075624466; val_loss: 10.044133186340332; val_CER: 0.06741833686828613; val_WER: 0.23386454582214355
2023-01-13 12:46:54,255 - root - INFO - Epoch 85; loss: 4.531918048858643; CER: 0.04213952273130417; WER: 0.15489137172698975; val_loss: 10.494831085205078; val_CER: 0.07044912874698639; val_WER: 0.2520175278186798
2023-01-13 12:47:19,448 - root - INFO - Epoch 86; loss: 3.4979865550994873; CER: 0.028447367250919342; WER: 0.12007211148738861; val_loss: 10.09572696685791; val_CER: 0.062979556620121; val_WER: 0.22654853761196136
2023-01-13 12:47:44,702 - root - INFO - Epoch 87; loss: 3.310330629348755; CER: 0.0267926137894392; WER: 0.11254923045635223; val_loss: 9.091687202453613; val_CER: 0.06366752088069916; val_WER: 0.22097943723201752
2023-01-13 12:48:09,979 - root - INFO - Epoch 88; loss: 3.2329530715942383; CER: 0.026565376669168472; WER: 0.11268743127584457; val_loss: 9.359512329101562; val_CER: 0.06449291855096817; val_WER: 0.23143483698368073
2023-01-13 12:48:35,287 - root - INFO - Epoch 89; loss: 3.109661102294922; CER: 0.024953654035925865; WER: 0.10261135548353195; val_loss: 9.988883018493652; val_CER: 0.06707752496004105; val_WER: 0.23804466426372528
2023-01-13 12:49:00,625 - root - INFO - Epoch 90; loss: 2.896306037902832; CER: 0.024083688855171204; WER: 0.10385063290596008; val_loss: 8.875564575195312; val_CER: 0.06039327383041382; val_WER: 0.21122168004512787
2023-01-13 12:49:26,002 - root - INFO - Epoch 91; loss: 2.6911849975585938; CER: 0.022078100591897964; WER: 0.09501960128545761; val_loss: 9.486272811889648; val_CER: 0.06006205826997757; val_WER: 0.21742841601371765
2023-01-13 12:49:51,234 - root - INFO - Epoch 92; loss: 2.8473048210144043; CER: 0.022959517315030098; WER: 0.09792393445968628; val_loss: 9.751531600952148; val_CER: 0.061757415533065796; val_WER: 0.21795961260795593
2023-01-13 12:50:16,459 - root - INFO - Epoch 93; loss: 2.7171735763549805; CER: 0.022448871284723282; WER: 0.09636877477169037; val_loss: 212.8968505859375; val_CER: 0.863846480846405; val_WER: 0.9938406348228455
2023-01-13 12:50:41,768 - root - INFO - Epoch 94; loss: 2.656391143798828; CER: 0.02081330120563507; WER: 0.08989905565977097; val_loss: 9.96945858001709; val_CER: 0.05990723520517349; val_WER: 0.21297061443328857
2023-01-13 12:51:07,161 - root - INFO - Epoch 95; loss: 2.4309263229370117; CER: 0.020533015951514244; WER: 0.08829852193593979; val_loss: 9.435302734375; val_CER: 0.05914750695228577; val_WER: 0.2133205533027649
2023-01-13 12:51:32,349 - root - INFO - Epoch 96; loss: 2.5393588542938232; CER: 0.019802166149020195; WER: 0.08841680735349655; val_loss: 9.78091049194336; val_CER: 0.06397046148777008; val_WER: 0.2244240939617157
2023-01-13 12:51:57,613 - root - INFO - Epoch 97; loss: 2.4578640460968018; CER: 0.02175150439143181; WER: 0.09198857098817825; val_loss: 9.592979431152344; val_CER: 0.06243898347020149; val_WER: 0.21445193886756897
2023-01-13 12:52:23,146 - root - INFO - Epoch 98; loss: 2.328826427459717; CER: 0.0186581052839756; WER: 0.08313274383544922; val_loss: 9.201488494873047; val_CER: 0.05726205185055733; val_WER: 0.2119791954755783
2023-01-13 12:52:48,406 - root - INFO - Epoch 99; loss: 2.3605566024780273; CER: 0.01928393356502056; WER: 0.08457949012517929; val_loss: 9.52014446258545; val_CER: 0.05862099677324295; val_WER: 0.2096100002527237
2023-01-13 12:53:13,888 - root - INFO - Epoch 100; loss: 2.1514298915863037; CER: 0.019149141386151314; WER: 0.08283170312643051; val_loss: 9.6128568649292; val_CER: 0.05556580424308777; val_WER: 0.2070278525352478
2023-01-13 12:53:39,158 - root - INFO - Epoch 101; loss: 2.261293411254883; CER: 0.019349798560142517; WER: 0.08534611761569977; val_loss: 9.632259368896484; val_CER: 0.05975481867790222; val_WER: 0.21345776319503784
2023-01-13 12:54:04,381 - root - INFO - Epoch 102; loss: 2.2111294269561768; CER: 0.01879470981657505; WER: 0.08178386837244034; val_loss: 9.830918312072754; val_CER: 0.05821474641561508; val_WER: 0.21521061658859253
2023-01-13 12:54:29,732 - root - INFO - Epoch 103; loss: 2.091217279434204; CER: 0.017660940065979958; WER: 0.07918703556060791; val_loss: 9.829096794128418; val_CER: 0.0610274001955986; val_WER: 0.22040268778800964
2023-01-13 12:54:54,943 - root - INFO - Epoch 104; loss: 2.0070788860321045; CER: 0.017204005271196365; WER: 0.07559804618358612; val_loss: 9.129071235656738; val_CER: 0.0635933056473732; val_WER: 0.22582493722438812
2023-01-13 12:55:20,100 - root - INFO - Epoch 105; loss: 2.1033058166503906; CER: 0.017133884131908417; WER: 0.0747525542974472; val_loss: 47.77728271484375; val_CER: 0.15374056994915009; val_WER: 0.512931764125824
2023-01-13 12:55:45,302 - root - INFO - Epoch 106; loss: 1.9486515522003174; CER: 0.01647486537694931; WER: 0.0715835690498352; val_loss: 9.85054874420166; val_CER: 0.06246846169233322; val_WER: 0.21993324160575867
2023-01-13 12:56:10,589 - root - INFO - Epoch 107; loss: 1.9136521816253662; CER: 0.01631532981991768; WER: 0.07232053577899933; val_loss: 9.382702827453613; val_CER: 0.05425452068448067; val_WER: 0.19849957525730133
2023-01-13 12:56:35,814 - root - INFO - Epoch 108; loss: 1.8742960691452026; CER: 0.015966657549142838; WER: 0.07163958251476288; val_loss: 9.533281326293945; val_CER: 0.05805879086256027; val_WER: 0.21022368967533112
2023-01-13 12:57:01,022 - root - INFO - Epoch 109; loss: 1.9582083225250244; CER: 0.016668131574988365; WER: 0.07530178874731064; val_loss: 10.240073204040527; val_CER: 0.0617385134100914; val_WER: 0.21550746262073517
2023-01-13 12:57:26,315 - root - INFO - Epoch 110; loss: 1.746077299118042; CER: 0.014239001087844372; WER: 0.06308386474847794; val_loss: 9.819406509399414; val_CER: 0.05944262072443962; val_WER: 0.20750851929187775
2023-01-13 12:57:51,501 - root - INFO - Epoch 111; loss: 1.6343750953674316; CER: 0.013487018644809723; WER: 0.06142788380384445; val_loss: 9.048795700073242; val_CER: 0.05511300265789032; val_WER: 0.19809478521347046
2023-01-13 12:58:16,699 - root - INFO - Epoch 112; loss: 1.739829659461975; CER: 0.014213746413588524; WER: 0.06523916870355606; val_loss: 9.776195526123047; val_CER: 0.056630440056324005; val_WER: 0.19707979261875153
2023-01-13 12:58:42,011 - root - INFO - Epoch 113; loss: 1.5128411054611206; CER: 0.012731236405670643; WER: 0.05534885823726654; val_loss: 9.783427238464355; val_CER: 0.055783916264772415; val_WER: 0.1946469396352768
2023-01-13 12:59:07,216 - root - INFO - Epoch 114; loss: 1.5994690656661987; CER: 0.012369450181722641; WER: 0.05586196854710579; val_loss: 9.371834754943848; val_CER: 0.05462601035833359; val_WER: 0.1911734640598297
2023-01-13 12:59:32,590 - root - INFO - Epoch 115; loss: 1.5266841650009155; CER: 0.012128019705414772; WER: 0.05529686436057091; val_loss: 9.98387336730957; val_CER: 0.05420438200235367; val_WER: 0.19777382910251617
2023-01-13 12:59:57,824 - root - INFO - Epoch 116; loss: 1.4308425188064575; CER: 0.011790519580245018; WER: 0.05530092865228653; val_loss: 9.411863327026367; val_CER: 0.05430137738585472; val_WER: 0.1999056041240692
2023-01-13 13:00:23,295 - root - INFO - Epoch 117; loss: 1.458624243736267; CER: 0.012008951976895332; WER: 0.05396677553653717; val_loss: 9.242137908935547; val_CER: 0.052427612245082855; val_WER: 0.1914132684469223
2023-01-13 13:00:48,457 - root - INFO - Epoch 118; loss: 1.430198073387146; CER: 0.011911406181752682; WER: 0.05607370659708977; val_loss: 9.849841117858887; val_CER: 0.054541513323783875; val_WER: 0.1963854432106018
2023-01-13 13:01:13,711 - root - INFO - Epoch 119; loss: 1.4206805229187012; CER: 0.012793908827006817; WER: 0.05684072896838188; val_loss: 10.012097358703613; val_CER: 0.05515501648187637; val_WER: 0.19306713342666626
2023-01-13 13:01:39,101 - root - INFO - Epoch 120; loss: 1.3698465824127197; CER: 0.011584232561290264; WER: 0.05189234018325806; val_loss: 9.198220252990723; val_CER: 0.05044696852564812; val_WER: 0.18262988328933716
2023-01-13 13:02:04,305 - root - INFO - Epoch 121; loss: 1.3132133483886719; CER: 0.010898563079535961; WER: 0.05113523453474045; val_loss: 10.006795883178711; val_CER: 0.05096019431948662; val_WER: 0.184101402759552
2023-01-13 13:02:29,461 - root - INFO - Epoch 122; loss: 1.2210232019424438; CER: 0.010402659885585308; WER: 0.04884209483861923; val_loss: 10.12304973602295; val_CER: 0.0559300072491169; val_WER: 0.20593857765197754
2023-01-13 13:02:54,744 - root - INFO - Epoch 123; loss: 1.245627760887146; CER: 0.01099404226988554; WER: 0.04982529953122139; val_loss: 9.811058044433594; val_CER: 0.053264543414115906; val_WER: 0.20122019946575165
2023-01-13 13:03:19,962 - root - INFO - Epoch 124; loss: 1.2729073762893677; CER: 0.01043922919780016; WER: 0.049215901643037796; val_loss: 9.665637969970703; val_CER: 0.05530519410967827; val_WER: 0.1995631605386734
2023-01-13 13:03:45,249 - root - INFO - Epoch 125; loss: 1.5803346633911133; CER: 0.013320970349013805; WER: 0.058314453810453415; val_loss: 10.116830825805664; val_CER: 0.055298205465078354; val_WER: 0.20359131693840027
2023-01-13 13:04:10,518 - root - INFO - Epoch 126; loss: 1.2888479232788086; CER: 0.01089921873062849; WER: 0.0504300482571125; val_loss: 9.425722122192383; val_CER: 0.055940158665180206; val_WER: 0.2024785280227661
2023-01-13 13:04:35,751 - root - INFO - Epoch 127; loss: 1.2579787969589233; CER: 0.010722710750997066; WER: 0.05091199651360512; val_loss: 9.755806922912598; val_CER: 0.053557127714157104; val_WER: 0.18707683682441711
2023-01-13 13:05:00,923 - root - INFO - Epoch 128; loss: 1.1240136623382568; CER: 0.009721523150801659; WER: 0.04568963497877121; val_loss: 9.962721824645996; val_CER: 0.052365273237228394; val_WER: 0.19201719760894775
2023-01-13 13:05:26,242 - root - INFO - Epoch 129; loss: 1.1286306381225586; CER: 0.009641331620514393; WER: 0.045530036091804504; val_loss: 10.08546257019043; val_CER: 0.05182691290974617; val_WER: 0.19010259211063385
2023-01-13 13:05:51,418 - root - INFO - Epoch 130; loss: 1.1069438457489014; CER: 0.00909894797950983; WER: 0.04325743392109871; val_loss: 9.02794075012207; val_CER: 0.051662445068359375; val_WER: 0.18956559896469116
2023-01-13 13:06:16,793 - root - INFO - Epoch 131; loss: 0.9934158325195312; CER: 0.008330102078616619; WER: 0.040263205766677856; val_loss: 9.204157829284668; val_CER: 0.05017906799912453; val_WER: 0.18828265368938446
2023-01-13 13:06:42,044 - root - INFO - Epoch 132; loss: 1.0575098991394043; CER: 0.00952951144427061; WER: 0.04228225350379944; val_loss: 9.823256492614746; val_CER: 0.05453532934188843; val_WER: 0.19624683260917664
2023-01-13 13:07:07,272 - root - INFO - Epoch 133; loss: 0.9852761626243591; CER: 0.008440310135483742; WER: 0.040607720613479614; val_loss: 9.665398597717285; val_CER: 0.053436342626810074; val_WER: 0.20138207077980042
2023-01-13 13:07:32,575 - root - INFO - Epoch 134; loss: 1.0024863481521606; CER: 0.00818199198693037; WER: 0.03855106979608536; val_loss: 10.136874198913574; val_CER: 0.054806314408779144; val_WER: 0.20596817135810852
2023-01-13 13:07:57,773 - root - INFO - Epoch 135; loss: 1.0166285037994385; CER: 0.008335892111063004; WER: 0.041003089398145676; val_loss: 9.917728424072266; val_CER: 0.05311749503016472; val_WER: 0.19918590784072876
2023-01-13 13:08:22,965 - root - INFO - Epoch 136; loss: 0.930346667766571; CER: 0.007899333722889423; WER: 0.03647356480360031; val_loss: 9.85545825958252; val_CER: 0.0538504533469677; val_WER: 0.19337597489356995
2023-01-13 13:08:48,126 - root - INFO - Epoch 137; loss: 0.9550216197967529; CER: 0.008830875158309937; WER: 0.039413098245859146; val_loss: 9.510483741760254; val_CER: 0.05394050478935242; val_WER: 0.18890511989593506
2023-01-13 13:09:13,288 - root - INFO - Epoch 138; loss: 0.9057247638702393; CER: 0.007197828497737646; WER: 0.03268834576010704; val_loss: 10.24465274810791; val_CER: 0.052645038813352585; val_WER: 0.19085478782653809
2023-01-13 13:09:38,444 - root - INFO - Epoch 139; loss: 0.8696553707122803; CER: 0.007467661984264851; WER: 0.03592999279499054; val_loss: 9.803252220153809; val_CER: 0.05238007754087448; val_WER: 0.18944884836673737
2023-01-13 13:10:03,695 - root - INFO - Epoch 140; loss: 0.8237845301628113; CER: 0.007069016341120005; WER: 0.03270648047327995; val_loss: 10.039263725280762; val_CER: 0.052537981420755386; val_WER: 0.19003716111183167
2023-01-13 13:10:28,932 - root - INFO - Epoch 141; loss: 0.8790801167488098; CER: 0.007385371718555689; WER: 0.03547458350658417; val_loss: 9.888816833496094; val_CER: 0.05176898464560509; val_WER: 0.18672960996627808
2023-01-13 13:10:54,312 - root - INFO - Epoch 142; loss: 0.8415225744247437; CER: 0.006940626073628664; WER: 0.03239011391997337; val_loss: 9.702444076538086; val_CER: 0.04969628527760506; val_WER: 0.17715460062026978
2023-01-13 13:11:19,628 - root - INFO - Epoch 143; loss: 0.8471867442131042; CER: 0.007061862386763096; WER: 0.034638915210962296; val_loss: 9.2481050491333; val_CER: 0.049445535987615585; val_WER: 0.18053992092609406
2023-01-13 13:11:44,876 - root - INFO - Epoch 144; loss: 0.7632583379745483; CER: 0.006291389465332031; WER: 0.03049517795443535; val_loss: 9.604132652282715; val_CER: 0.050334200263023376; val_WER: 0.18877527117729187
2023-01-13 13:12:10,066 - root - INFO - Epoch 145; loss: 0.7886865735054016; CER: 0.006634645164012909; WER: 0.030941134318709373; val_loss: 9.743159294128418; val_CER: 0.0505533330142498; val_WER: 0.18094134330749512
2023-01-13 13:12:35,227 - root - INFO - Epoch 146; loss: 0.7417130470275879; CER: 0.00672554736956954; WER: 0.031358398497104645; val_loss: 9.47387409210205; val_CER: 0.05092770606279373; val_WER: 0.17931222915649414
2023-01-13 13:13:00,488 - root - INFO - Epoch 147; loss: 0.7392900586128235; CER: 0.006679206155240536; WER: 0.0316617488861084; val_loss: 9.755279541015625; val_CER: 0.050016384571790695; val_WER: 0.17967970669269562
2023-01-13 13:13:25,721 - root - INFO - Epoch 148; loss: 0.7845895886421204; CER: 0.006382921244949102; WER: 0.029944607987999916; val_loss: 10.666213035583496; val_CER: 0.05396416410803795; val_WER: 0.19991999864578247
2023-01-13 13:13:51,107 - root - INFO - Epoch 149; loss: 0.719825267791748; CER: 0.0059312498196959496; WER: 0.02857324108481407; val_loss: 9.51442813873291; val_CER: 0.04880021885037422; val_WER: 0.17704357206821442
2023-01-13 13:14:16,296 - root - INFO - Epoch 150; loss: 0.7466809153556824; CER: 0.00661932397633791; WER: 0.03165408968925476; val_loss: 9.563132286071777; val_CER: 0.05056310072541237; val_WER: 0.1855708360671997
2023-01-13 13:14:41,484 - root - INFO - Epoch 151; loss: 0.7754591703414917; CER: 0.006039418745785952; WER: 0.02828187867999077; val_loss: 9.854057312011719; val_CER: 0.052696626633405685; val_WER: 0.18906249105930328
2023-01-13 13:15:06,682 - root - INFO - Epoch 152; loss: 0.7298691868782043; CER: 0.005785540211945772; WER: 0.028646837919950485; val_loss: 9.67785358428955; val_CER: 0.053106822073459625; val_WER: 0.1882818043231964
2023-01-13 13:15:31,993 - root - INFO - Epoch 153; loss: 0.6989303827285767; CER: 0.005926852580159903; WER: 0.028646139428019524; val_loss: 9.445457458496094; val_CER: 0.050167907029390335; val_WER: 0.17928192019462585
2023-01-13 13:15:57,208 - root - INFO - Epoch 154; loss: 0.7333527207374573; CER: 0.0058022779412567616; WER: 0.026946404948830605; val_loss: 9.692846298217773; val_CER: 0.05035630241036415; val_WER: 0.17945808172225952
2023-01-13 13:16:22,429 - root - INFO - Epoch 155; loss: 0.6829536557197571; CER: 0.005768276285380125; WER: 0.028231069445610046; val_loss: 9.22943115234375; val_CER: 0.05119406431913376; val_WER: 0.18390995264053345
2023-01-13 13:16:47,662 - root - INFO - Epoch 156; loss: 0.7004272937774658; CER: 0.005858455318957567; WER: 0.027879996225237846; val_loss: 9.796171188354492; val_CER: 0.05343528464436531; val_WER: 0.1880035400390625
2023-01-13 13:17:12,883 - root - INFO - Epoch 157; loss: 0.6643474102020264; CER: 0.005370498169213533; WER: 0.025812974199652672; val_loss: 9.371828079223633; val_CER: 0.04970506951212883; val_WER: 0.17818477749824524
2023-01-13 13:17:38,117 - root - INFO - Epoch 158; loss: 0.6302614212036133; CER: 0.00523027777671814; WER: 0.025296127423644066; val_loss: 9.779332160949707; val_CER: 0.05043213069438934; val_WER: 0.18086062371730804
2023-01-13 13:18:03,294 - root - INFO - Epoch 159; loss: 0.6358759999275208; CER: 0.004957742989063263; WER: 0.02433047443628311; val_loss: 10.133622169494629; val_CER: 0.052945733070373535; val_WER: 0.19045141339302063
2023-01-13 13:18:28,472 - root - INFO - Epoch 160; loss: 0.6283568143844604; CER: 0.005340246949344873; WER: 0.024905692785978317; val_loss: 10.056553840637207; val_CER: 0.04964066669344902; val_WER: 0.17961625754833221
2023-01-13 13:18:53,822 - root - INFO - Epoch 161; loss: 0.5992924571037292; CER: 0.005068373866379261; WER: 0.02418135106563568; val_loss: 10.1070556640625; val_CER: 0.048316117376089096; val_WER: 0.1746356338262558
2023-01-13 13:19:18,983 - root - INFO - Epoch 162; loss: 0.598928689956665; CER: 0.004970157518982887; WER: 0.023347435519099236; val_loss: 9.474712371826172; val_CER: 0.050699010491371155; val_WER: 0.1781405210494995
2023-01-13 13:19:44,200 - root - INFO - Epoch 163; loss: 0.5614379048347473; CER: 0.004216732457280159; WER: 0.02175132930278778; val_loss: 9.757797241210938; val_CER: 0.04924631118774414; val_WER: 0.18645845353603363
2023-01-13 13:20:09,542 - root - INFO - Epoch 164; loss: 0.5963808298110962; CER: 0.00469221593812108; WER: 0.022833436727523804; val_loss: 9.758056640625; val_CER: 0.04724491015076637; val_WER: 0.1816844493150711
2023-01-13 13:20:34,746 - root - INFO - Epoch 165; loss: 0.5474683046340942; CER: 0.004743682220578194; WER: 0.02145587094128132; val_loss: 9.595178604125977; val_CER: 0.048147860914468765; val_WER: 0.17791925370693207
2023-01-13 13:20:59,912 - root - INFO - Epoch 166; loss: 0.6350616216659546; CER: 0.005348504520952702; WER: 0.025422533974051476; val_loss: 10.27849006652832; val_CER: 0.05240865796804428; val_WER: 0.18933279812335968
2023-01-13 13:21:25,129 - root - INFO - Epoch 167; loss: 0.5833075046539307; CER: 0.00489039858803153; WER: 0.023554256185889244; val_loss: 9.726618766784668; val_CER: 0.05000525340437889; val_WER: 0.18463510274887085
2023-01-13 13:21:50,455 - root - INFO - Epoch 168; loss: 0.5412067174911499; CER: 0.004546783398836851; WER: 0.021902209147810936; val_loss: 9.892578125; val_CER: 0.04913374409079552; val_WER: 0.1794641613960266
2023-01-13 13:22:15,681 - root - INFO - Epoch 169; loss: 0.4962256848812103; CER: 0.0040300097316503525; WER: 0.020270073786377907; val_loss: 10.14140796661377; val_CER: 0.0504276417195797; val_WER: 0.1878761500120163
2023-01-13 13:22:40,921 - root - INFO - Epoch 170; loss: 0.513952910900116; CER: 0.004420805722475052; WER: 0.0204575527459383; val_loss: 10.050790786743164; val_CER: 0.05060267820954323; val_WER: 0.17971134185791016
2023-01-13 13:23:06,258 - root - INFO - Epoch 171; loss: 0.4794524610042572; CER: 0.0037935206200927496; WER: 0.018179694190621376; val_loss: 9.752094268798828; val_CER: 0.05036225914955139; val_WER: 0.1852010190486908
2023-01-13 13:23:31,522 - root - INFO - Epoch 172; loss: 0.4358270764350891; CER: 0.003309109015390277; WER: 0.016846194863319397; val_loss: 9.70312786102295; val_CER: 0.04857918620109558; val_WER: 0.17408213019371033
2023-01-13 13:23:56,730 - root - INFO - Epoch 173; loss: 0.4711080491542816; CER: 0.003537614829838276; WER: 0.01755659095942974; val_loss: 10.07323932647705; val_CER: 0.0496329739689827; val_WER: 0.1814424693584442
2023-01-13 13:24:21,915 - root - INFO - Epoch 174; loss: 0.5216808915138245; CER: 0.0044696819968521595; WER: 0.021176757290959358; val_loss: 9.848282814025879; val_CER: 0.05103295296430588; val_WER: 0.18857532739639282
2023-01-13 13:24:47,137 - root - INFO - Epoch 175; loss: 0.4407476782798767; CER: 0.0034037174191325903; WER: 0.01699064113199711; val_loss: 9.780644416809082; val_CER: 0.04894000664353371; val_WER: 0.1814611256122589
2023-01-13 13:25:12,905 - root - INFO - Epoch 176; loss: 0.49628105759620667; CER: 0.0036658458411693573; WER: 0.017950760200619698; val_loss: 10.373130798339844; val_CER: 0.05048690736293793; val_WER: 0.18674559891223907
2023-01-13 13:25:39,046 - root - INFO - Epoch 177; loss: 0.5087252855300903; CER: 0.0036938597913831472; WER: 0.01857438124716282; val_loss: 10.121476173400879; val_CER: 0.050305791199207306; val_WER: 0.18473029136657715
2023-01-13 13:26:05,157 - root - INFO - Epoch 178; loss: 0.5314366221427917; CER: 0.004058943595737219; WER: 0.019146157428622246; val_loss: 10.143302917480469; val_CER: 0.048490043729543686; val_WER: 0.1819748431444168
2023-01-13 13:26:31,485 - root - INFO - Epoch 179; loss: 0.4905554950237274; CER: 0.004373196046799421; WER: 0.02152853086590767; val_loss: 9.615837097167969; val_CER: 0.04802536591887474; val_WER: 0.1740517020225525
2023-01-13 13:26:57,600 - root - INFO - Epoch 180; loss: 0.5057713389396667; CER: 0.0037145488895475864; WER: 0.018145892769098282; val_loss: 10.02945613861084; val_CER: 0.0483643114566803; val_WER: 0.17814157903194427
2023-01-13 13:27:23,723 - root - INFO - Epoch 181; loss: 0.431355357170105; CER: 0.0031625358387827873; WER: 0.015762902796268463; val_loss: 9.750572204589844; val_CER: 0.04896004870533943; val_WER: 0.17708076536655426
2023-01-13 13:27:49,826 - root - INFO - Epoch 182; loss: 0.4759341776371002; CER: 0.0038010284770280123; WER: 0.01804465800523758; val_loss: 9.811675071716309; val_CER: 0.048494186252355576; val_WER: 0.1771811693906784
2023-01-13 13:28:15,488 - root - INFO - Epoch 183; loss: 0.46298298239707947; CER: 0.0032003179658204317; WER: 0.016019228845834732; val_loss: 9.433985710144043; val_CER: 0.04726758599281311; val_WER: 0.17665845155715942
2023-01-13 13:28:41,647 - root - INFO - Epoch 184; loss: 0.4555504024028778; CER: 0.00349664269015193; WER: 0.017050422728061676; val_loss: 10.548131942749023; val_CER: 0.05676582083106041; val_WER: 0.20263943076133728
2023-01-13 13:28:42,992 - tf2onnx.tfonnx - INFO - Using tensorflow=2.10.0, onnx=1.12.0, tf2onnx=1.13.0/2c1db5
2023-01-13 13:28:42,992 - tf2onnx.tfonnx - INFO - Using opset <onnx, 13>
2023-01-13 13:28:43,088 - tf2onnx.tf_utils - INFO - Computed 0 values for constant folding
2023-01-13 13:28:43,090 - tf2onnx.tf_utils - INFO - Computed 0 values for constant folding
2023-01-13 13:28:43,093 - tf2onnx.tf_utils - INFO - Computed 0 values for constant folding
2023-01-13 13:28:43,097 - tf2onnx.tf_utils - INFO - Computed 0 values for constant folding
2023-01-13 13:28:43,098 - tf2onnx.tf_utils - INFO - Computed 0 values for constant folding
2023-01-13 13:28:43,102 - tf2onnx.tf_utils - INFO - Computed 0 values for constant folding
2023-01-13 13:28:43,103 - tf2onnx.tf_utils - INFO - Computed 0 values for constant folding
2023-01-13 13:28:43,105 - tf2onnx.tf_utils - INFO - Computed 0 values for constant folding
2023-01-13 13:28:43,143 - tf2onnx.tf_utils - INFO - Computed 2 values for constant folding
2023-01-13 13:28:43,203 - tf2onnx.tfonnx - INFO - folding node using tf type=StridedSlice, name=model/bidirectional/forward_lstm/PartitionedCall/strided_slice
2023-01-13 13:28:43,203 - tf2onnx.tfonnx - INFO - folding node using tf type=StridedSlice, name=model/bidirectional/backward_lstm/PartitionedCall/strided_slice
2023-01-13 13:28:43,377 - tf2onnx.optimizer - INFO - Optimizing ONNX model
2023-01-13 13:28:43,728 - tf2onnx.optimizer - INFO - After optimization: BatchNormalization -18 (18->0), Cast -8 (17->9), Concat -8 (17->9), Const -173 (243->70), Expand -6 (8->2), Gather +3 (2->5), Identity -2 (2->0), Shape -2 (6->4), Slice -2 (9->7), Squeeze -5 (9->4), Transpose -86 (90->4), Unsqueeze -25 (29->4)
